<?xml version="1.0" encoding="UTF-8"?>
<testsuite xmlns:xsi="http://www.w3.org/2001/XMLSchema-instance" xsi:noNamespaceSchemaLocation="https://maven.apache.org/surefire/maven-surefire-plugin/xsd/surefire-test-report.xsd" version="3.0.2" name="com.narensendil.scheduler.engine.CycleDetectionTest" time="0.043" tests="3" errors="0" skipped="0" failures="0">
  <properties>
[...]
</properties>
  <testcase name="simpleCycle_detectedAndRejected" classname="com.narensendil.scheduler.engine.CycleDetectionTest" time="0.022"/>
  <testcase name="partialCycle_failsWholeSchedule" classname="com.narensendil.scheduler.engine.CycleDetectionTest" time="0.001"/>
  <testcase name="selfDependency_isRejectedBeforeScheduling" classname="com.narensendil.scheduler.engine.CycleDetectionTest" time="0.002"/>
</testsuite>